<?xml version="1.0" encoding="UTF-8"?>
<!-- Generated by org.testng.reporters.JUnitReportReporter -->
<testsuite hostname="DESKTOP-7RODFU2" failures="0" tests="1" name="whizzbridge_Automation.merl_extentreports.Extentrreportdemo" time="3.068" errors="0" timestamp="2024-02-01T11:42:25 PKT" skipped="0">
  <testcase classname="whizzbridge_Automation.merl_extentreports.Extentrreportdemo" name="initialDemo" time="3.068"/>
  <system-out/>
</testsuite> <!-- whizzbridge_Automation.merl_extentreports.Extentrreportdemo -->
